0 info it worked if it ends with ok
1 verbose cli [ 'C:\\Program Files\\nodejs\\\\node.exe',
1 verbose cli   'C:\\Program Files\\nodejs\\node_modules\\npm\\bin\\npm-cli.js',
1 verbose cli   'install' ]
2 info using npm@1.4.28
3 info using node@v0.10.32
4 verbose node symlink C:\Program Files\nodejs\\node.exe
5 warn package.json ChefExpress@0.0.1 No repository field.
6 verbose readDependencies using package.json deps
7 verbose install where, deps [ 'C:\\Users\\Fortuna\\Documents\\GitHub\\ChefExpress',
7 verbose install   [ 'express',
7 verbose install     'morgan',
7 verbose install     'body-parser',
7 verbose install     'errorhandler',
7 verbose install     'mongoose',
7 verbose install     'jade',
7 verbose install     'socket.io',
7 verbose install     'lodash',
7 verbose install     'compression',
7 verbose install     'express-jwt',
7 verbose install     'jsonwebtoken',
7 verbose install     'gulp',
7 verbose install     'gulp-uglyfy',
7 verbose install     'gulp-order',
7 verbose install     'gulp-ng-annotate',
7 verbose install     'gulp-jshint',
7 verbose install     'gulp-concat' ] ]
8 info preinstall ChefExpress@0.0.1
9 verbose readDependencies using package.json deps
10 verbose cache add [ 'gulp-concat@latest', null ]
11 verbose cache add name=undefined spec="gulp-concat@latest" args=["gulp-concat@latest",null]
12 verbose parsed url { protocol: null,
12 verbose parsed url   slashes: null,
12 verbose parsed url   auth: null,
12 verbose parsed url   host: null,
12 verbose parsed url   port: null,
12 verbose parsed url   hostname: null,
12 verbose parsed url   hash: null,
12 verbose parsed url   search: null,
12 verbose parsed url   query: null,
12 verbose parsed url   pathname: 'gulp-concat@latest',
12 verbose parsed url   path: 'gulp-concat@latest',
12 verbose parsed url   href: 'gulp-concat@latest' }
13 verbose cache add name="gulp-concat" spec="latest" args=["gulp-concat","latest"]
14 verbose parsed url { protocol: null,
14 verbose parsed url   slashes: null,
14 verbose parsed url   auth: null,
14 verbose parsed url   host: null,
14 verbose parsed url   port: null,
14 verbose parsed url   hostname: null,
14 verbose parsed url   hash: null,
14 verbose parsed url   search: null,
14 verbose parsed url   query: null,
14 verbose parsed url   pathname: 'latest',
14 verbose parsed url   path: 'latest',
14 verbose parsed url   href: 'latest' }
15 verbose addNamed [ 'gulp-concat', 'latest' ]
16 verbose addNamed [ null, null ]
17 silly lockFile 8bbbbeeb-gulp-concat-latest gulp-concat@latest
18 verbose lock gulp-concat@latest C:\Users\Fortuna\AppData\Roaming\npm-cache\8bbbbeeb-gulp-concat-latest.lock
19 info addNameTag [ 'gulp-concat', 'latest' ]
20 verbose cache add [ 'express@latest', null ]
21 verbose cache add name=undefined spec="express@latest" args=["express@latest",null]
22 verbose parsed url { protocol: null,
22 verbose parsed url   slashes: null,
22 verbose parsed url   auth: null,
22 verbose parsed url   host: null,
22 verbose parsed url   port: null,
22 verbose parsed url   hostname: null,
22 verbose parsed url   hash: null,
22 verbose parsed url   search: null,
22 verbose parsed url   query: null,
22 verbose parsed url   pathname: 'express@latest',
22 verbose parsed url   path: 'express@latest',
22 verbose parsed url   href: 'express@latest' }
23 verbose cache add [ 'morgan@latest', null ]
24 verbose cache add name=undefined spec="morgan@latest" args=["morgan@latest",null]
25 verbose parsed url { protocol: null,
25 verbose parsed url   slashes: null,
25 verbose parsed url   auth: null,
25 verbose parsed url   host: null,
25 verbose parsed url   port: null,
25 verbose parsed url   hostname: null,
25 verbose parsed url   hash: null,
25 verbose parsed url   search: null,
25 verbose parsed url   query: null,
25 verbose parsed url   pathname: 'morgan@latest',
25 verbose parsed url   path: 'morgan@latest',
25 verbose parsed url   href: 'morgan@latest' }
26 verbose cache add [ 'body-parser@latest', null ]
27 verbose cache add name=undefined spec="body-parser@latest" args=["body-parser@latest",null]
28 verbose parsed url { protocol: null,
28 verbose parsed url   slashes: null,
28 verbose parsed url   auth: null,
28 verbose parsed url   host: null,
28 verbose parsed url   port: null,
28 verbose parsed url   hostname: null,
28 verbose parsed url   hash: null,
28 verbose parsed url   search: null,
28 verbose parsed url   query: null,
28 verbose parsed url   pathname: 'body-parser@latest',
28 verbose parsed url   path: 'body-parser@latest',
28 verbose parsed url   href: 'body-parser@latest' }
29 verbose cache add [ 'errorhandler@latest', null ]
30 verbose cache add name=undefined spec="errorhandler@latest" args=["errorhandler@latest",null]
31 verbose parsed url { protocol: null,
31 verbose parsed url   slashes: null,
31 verbose parsed url   auth: null,
31 verbose parsed url   host: null,
31 verbose parsed url   port: null,
31 verbose parsed url   hostname: null,
31 verbose parsed url   hash: null,
31 verbose parsed url   search: null,
31 verbose parsed url   query: null,
31 verbose parsed url   pathname: 'errorhandler@latest',
31 verbose parsed url   path: 'errorhandler@latest',
31 verbose parsed url   href: 'errorhandler@latest' }
32 verbose cache add [ 'mongoose@latest', null ]
33 verbose cache add name=undefined spec="mongoose@latest" args=["mongoose@latest",null]
34 verbose parsed url { protocol: null,
34 verbose parsed url   slashes: null,
34 verbose parsed url   auth: null,
34 verbose parsed url   host: null,
34 verbose parsed url   port: null,
34 verbose parsed url   hostname: null,
34 verbose parsed url   hash: null,
34 verbose parsed url   search: null,
34 verbose parsed url   query: null,
34 verbose parsed url   pathname: 'mongoose@latest',
34 verbose parsed url   path: 'mongoose@latest',
34 verbose parsed url   href: 'mongoose@latest' }
35 verbose cache add [ 'jade@latest', null ]
36 verbose cache add name=undefined spec="jade@latest" args=["jade@latest",null]
37 verbose parsed url { protocol: null,
37 verbose parsed url   slashes: null,
37 verbose parsed url   auth: null,
37 verbose parsed url   host: null,
37 verbose parsed url   port: null,
37 verbose parsed url   hostname: null,
37 verbose parsed url   hash: null,
37 verbose parsed url   search: null,
37 verbose parsed url   query: null,
37 verbose parsed url   pathname: 'jade@latest',
37 verbose parsed url   path: 'jade@latest',
37 verbose parsed url   href: 'jade@latest' }
38 verbose cache add [ 'socket.io@latest', null ]
39 verbose cache add name=undefined spec="socket.io@latest" args=["socket.io@latest",null]
40 verbose parsed url { protocol: null,
40 verbose parsed url   slashes: null,
40 verbose parsed url   auth: null,
40 verbose parsed url   host: null,
40 verbose parsed url   port: null,
40 verbose parsed url   hostname: null,
40 verbose parsed url   hash: null,
40 verbose parsed url   search: null,
40 verbose parsed url   query: null,
40 verbose parsed url   pathname: 'socket.io@latest',
40 verbose parsed url   path: 'socket.io@latest',
40 verbose parsed url   href: 'socket.io@latest' }
41 verbose cache add [ 'lodash@latest', null ]
42 verbose cache add name=undefined spec="lodash@latest" args=["lodash@latest",null]
43 verbose parsed url { protocol: null,
43 verbose parsed url   slashes: null,
43 verbose parsed url   auth: null,
43 verbose parsed url   host: null,
43 verbose parsed url   port: null,
43 verbose parsed url   hostname: null,
43 verbose parsed url   hash: null,
43 verbose parsed url   search: null,
43 verbose parsed url   query: null,
43 verbose parsed url   pathname: 'lodash@latest',
43 verbose parsed url   path: 'lodash@latest',
43 verbose parsed url   href: 'lodash@latest' }
44 verbose cache add [ 'compression@latest', null ]
45 verbose cache add name=undefined spec="compression@latest" args=["compression@latest",null]
46 verbose parsed url { protocol: null,
46 verbose parsed url   slashes: null,
46 verbose parsed url   auth: null,
46 verbose parsed url   host: null,
46 verbose parsed url   port: null,
46 verbose parsed url   hostname: null,
46 verbose parsed url   hash: null,
46 verbose parsed url   search: null,
46 verbose parsed url   query: null,
46 verbose parsed url   pathname: 'compression@latest',
46 verbose parsed url   path: 'compression@latest',
46 verbose parsed url   href: 'compression@latest' }
47 verbose cache add [ 'express-jwt@latest', null ]
48 verbose cache add name=undefined spec="express-jwt@latest" args=["express-jwt@latest",null]
49 verbose parsed url { protocol: null,
49 verbose parsed url   slashes: null,
49 verbose parsed url   auth: null,
49 verbose parsed url   host: null,
49 verbose parsed url   port: null,
49 verbose parsed url   hostname: null,
49 verbose parsed url   hash: null,
49 verbose parsed url   search: null,
49 verbose parsed url   query: null,
49 verbose parsed url   pathname: 'express-jwt@latest',
49 verbose parsed url   path: 'express-jwt@latest',
49 verbose parsed url   href: 'express-jwt@latest' }
50 verbose cache add [ 'jsonwebtoken@latest', null ]
51 verbose cache add name=undefined spec="jsonwebtoken@latest" args=["jsonwebtoken@latest",null]
52 verbose parsed url { protocol: null,
52 verbose parsed url   slashes: null,
52 verbose parsed url   auth: null,
52 verbose parsed url   host: null,
52 verbose parsed url   port: null,
52 verbose parsed url   hostname: null,
52 verbose parsed url   hash: null,
52 verbose parsed url   search: null,
52 verbose parsed url   query: null,
52 verbose parsed url   pathname: 'jsonwebtoken@latest',
52 verbose parsed url   path: 'jsonwebtoken@latest',
52 verbose parsed url   href: 'jsonwebtoken@latest' }
53 verbose cache add [ 'gulp@latest', null ]
54 verbose cache add name=undefined spec="gulp@latest" args=["gulp@latest",null]
55 verbose parsed url { protocol: null,
55 verbose parsed url   slashes: null,
55 verbose parsed url   auth: null,
55 verbose parsed url   host: null,
55 verbose parsed url   port: null,
55 verbose parsed url   hostname: null,
55 verbose parsed url   hash: null,
55 verbose parsed url   search: null,
55 verbose parsed url   query: null,
55 verbose parsed url   pathname: 'gulp@latest',
55 verbose parsed url   path: 'gulp@latest',
55 verbose parsed url   href: 'gulp@latest' }
56 verbose cache add [ 'gulp-uglyfy@latest', null ]
57 verbose cache add name=undefined spec="gulp-uglyfy@latest" args=["gulp-uglyfy@latest",null]
58 verbose parsed url { protocol: null,
58 verbose parsed url   slashes: null,
58 verbose parsed url   auth: null,
58 verbose parsed url   host: null,
58 verbose parsed url   port: null,
58 verbose parsed url   hostname: null,
58 verbose parsed url   hash: null,
58 verbose parsed url   search: null,
58 verbose parsed url   query: null,
58 verbose parsed url   pathname: 'gulp-uglyfy@latest',
58 verbose parsed url   path: 'gulp-uglyfy@latest',
58 verbose parsed url   href: 'gulp-uglyfy@latest' }
59 verbose cache add [ 'gulp-order@latest', null ]
60 verbose cache add name=undefined spec="gulp-order@latest" args=["gulp-order@latest",null]
61 verbose parsed url { protocol: null,
61 verbose parsed url   slashes: null,
61 verbose parsed url   auth: null,
61 verbose parsed url   host: null,
61 verbose parsed url   port: null,
61 verbose parsed url   hostname: null,
61 verbose parsed url   hash: null,
61 verbose parsed url   search: null,
61 verbose parsed url   query: null,
61 verbose parsed url   pathname: 'gulp-order@latest',
61 verbose parsed url   path: 'gulp-order@latest',
61 verbose parsed url   href: 'gulp-order@latest' }
62 verbose cache add [ 'gulp-ng-annotate@latest', null ]
63 verbose cache add name=undefined spec="gulp-ng-annotate@latest" args=["gulp-ng-annotate@latest",null]
64 verbose parsed url { protocol: null,
64 verbose parsed url   slashes: null,
64 verbose parsed url   auth: null,
64 verbose parsed url   host: null,
64 verbose parsed url   port: null,
64 verbose parsed url   hostname: null,
64 verbose parsed url   hash: null,
64 verbose parsed url   search: null,
64 verbose parsed url   query: null,
64 verbose parsed url   pathname: 'gulp-ng-annotate@latest',
64 verbose parsed url   path: 'gulp-ng-annotate@latest',
64 verbose parsed url   href: 'gulp-ng-annotate@latest' }
65 verbose cache add [ 'gulp-jshint@latest', null ]
66 verbose cache add name=undefined spec="gulp-jshint@latest" args=["gulp-jshint@latest",null]
67 verbose parsed url { protocol: null,
67 verbose parsed url   slashes: null,
67 verbose parsed url   auth: null,
67 verbose parsed url   host: null,
67 verbose parsed url   port: null,
67 verbose parsed url   hostname: null,
67 verbose parsed url   hash: null,
67 verbose parsed url   search: null,
67 verbose parsed url   query: null,
67 verbose parsed url   pathname: 'gulp-jshint@latest',
67 verbose parsed url   path: 'gulp-jshint@latest',
67 verbose parsed url   href: 'gulp-jshint@latest' }
68 verbose cache add name="express" spec="latest" args=["express","latest"]
69 verbose parsed url { protocol: null,
69 verbose parsed url   slashes: null,
69 verbose parsed url   auth: null,
69 verbose parsed url   host: null,
69 verbose parsed url   port: null,
69 verbose parsed url   hostname: null,
69 verbose parsed url   hash: null,
69 verbose parsed url   search: null,
69 verbose parsed url   query: null,
69 verbose parsed url   pathname: 'latest',
69 verbose parsed url   path: 'latest',
69 verbose parsed url   href: 'latest' }
70 verbose addNamed [ 'express', 'latest' ]
71 verbose addNamed [ null, null ]
72 silly lockFile c30a01ab-express-latest express@latest
73 verbose lock express@latest C:\Users\Fortuna\AppData\Roaming\npm-cache\c30a01ab-express-latest.lock
74 verbose cache add name="morgan" spec="latest" args=["morgan","latest"]
75 verbose parsed url { protocol: null,
75 verbose parsed url   slashes: null,
75 verbose parsed url   auth: null,
75 verbose parsed url   host: null,
75 verbose parsed url   port: null,
75 verbose parsed url   hostname: null,
75 verbose parsed url   hash: null,
75 verbose parsed url   search: null,
75 verbose parsed url   query: null,
75 verbose parsed url   pathname: 'latest',
75 verbose parsed url   path: 'latest',
75 verbose parsed url   href: 'latest' }
76 verbose addNamed [ 'morgan', 'latest' ]
77 verbose addNamed [ null, null ]
78 silly lockFile d2a09fff-morgan-latest morgan@latest
79 verbose lock morgan@latest C:\Users\Fortuna\AppData\Roaming\npm-cache\d2a09fff-morgan-latest.lock
80 verbose cache add name="body-parser" spec="latest" args=["body-parser","latest"]
81 verbose parsed url { protocol: null,
81 verbose parsed url   slashes: null,
81 verbose parsed url   auth: null,
81 verbose parsed url   host: null,
81 verbose parsed url   port: null,
81 verbose parsed url   hostname: null,
81 verbose parsed url   hash: null,
81 verbose parsed url   search: null,
81 verbose parsed url   query: null,
81 verbose parsed url   pathname: 'latest',
81 verbose parsed url   path: 'latest',
81 verbose parsed url   href: 'latest' }
82 verbose addNamed [ 'body-parser', 'latest' ]
83 verbose addNamed [ null, null ]
84 silly lockFile 88319797-body-parser-latest body-parser@latest
85 verbose lock body-parser@latest C:\Users\Fortuna\AppData\Roaming\npm-cache\88319797-body-parser-latest.lock
86 verbose cache add name="errorhandler" spec="latest" args=["errorhandler","latest"]
87 verbose parsed url { protocol: null,
87 verbose parsed url   slashes: null,
87 verbose parsed url   auth: null,
87 verbose parsed url   host: null,
87 verbose parsed url   port: null,
87 verbose parsed url   hostname: null,
87 verbose parsed url   hash: null,
87 verbose parsed url   search: null,
87 verbose parsed url   query: null,
87 verbose parsed url   pathname: 'latest',
87 verbose parsed url   path: 'latest',
87 verbose parsed url   href: 'latest' }
88 verbose addNamed [ 'errorhandler', 'latest' ]
89 verbose addNamed [ null, null ]
90 silly lockFile 3938c481-errorhandler-latest errorhandler@latest
91 verbose lock errorhandler@latest C:\Users\Fortuna\AppData\Roaming\npm-cache\3938c481-errorhandler-latest.lock
92 verbose cache add name="mongoose" spec="latest" args=["mongoose","latest"]
93 verbose parsed url { protocol: null,
93 verbose parsed url   slashes: null,
93 verbose parsed url   auth: null,
93 verbose parsed url   host: null,
93 verbose parsed url   port: null,
93 verbose parsed url   hostname: null,
93 verbose parsed url   hash: null,
93 verbose parsed url   search: null,
93 verbose parsed url   query: null,
93 verbose parsed url   pathname: 'latest',
93 verbose parsed url   path: 'latest',
93 verbose parsed url   href: 'latest' }
94 verbose addNamed [ 'mongoose', 'latest' ]
95 verbose addNamed [ null, null ]
96 silly lockFile 73e949f4-mongoose-latest mongoose@latest
97 verbose lock mongoose@latest C:\Users\Fortuna\AppData\Roaming\npm-cache\73e949f4-mongoose-latest.lock
98 verbose cache add name="jade" spec="latest" args=["jade","latest"]
99 verbose parsed url { protocol: null,
99 verbose parsed url   slashes: null,
99 verbose parsed url   auth: null,
99 verbose parsed url   host: null,
99 verbose parsed url   port: null,
99 verbose parsed url   hostname: null,
99 verbose parsed url   hash: null,
99 verbose parsed url   search: null,
99 verbose parsed url   query: null,
99 verbose parsed url   pathname: 'latest',
99 verbose parsed url   path: 'latest',
99 verbose parsed url   href: 'latest' }
100 verbose addNamed [ 'jade', 'latest' ]
101 verbose addNamed [ null, null ]
102 silly lockFile 50c7aeb0-jade-latest jade@latest
103 verbose lock jade@latest C:\Users\Fortuna\AppData\Roaming\npm-cache\50c7aeb0-jade-latest.lock
104 verbose cache add name="socket.io" spec="latest" args=["socket.io","latest"]
105 verbose parsed url { protocol: null,
105 verbose parsed url   slashes: null,
105 verbose parsed url   auth: null,
105 verbose parsed url   host: null,
105 verbose parsed url   port: null,
105 verbose parsed url   hostname: null,
105 verbose parsed url   hash: null,
105 verbose parsed url   search: null,
105 verbose parsed url   query: null,
105 verbose parsed url   pathname: 'latest',
105 verbose parsed url   path: 'latest',
105 verbose parsed url   href: 'latest' }
106 verbose addNamed [ 'socket.io', 'latest' ]
107 verbose addNamed [ null, null ]
108 silly lockFile d01f6c55-socket-io-latest socket.io@latest
109 verbose lock socket.io@latest C:\Users\Fortuna\AppData\Roaming\npm-cache\d01f6c55-socket-io-latest.lock
110 verbose cache add name="lodash" spec="latest" args=["lodash","latest"]
111 verbose parsed url { protocol: null,
111 verbose parsed url   slashes: null,
111 verbose parsed url   auth: null,
111 verbose parsed url   host: null,
111 verbose parsed url   port: null,
111 verbose parsed url   hostname: null,
111 verbose parsed url   hash: null,
111 verbose parsed url   search: null,
111 verbose parsed url   query: null,
111 verbose parsed url   pathname: 'latest',
111 verbose parsed url   path: 'latest',
111 verbose parsed url   href: 'latest' }
112 verbose addNamed [ 'lodash', 'latest' ]
113 verbose addNamed [ null, null ]
114 silly lockFile e74123f1-lodash-latest lodash@latest
115 verbose lock lodash@latest C:\Users\Fortuna\AppData\Roaming\npm-cache\e74123f1-lodash-latest.lock
116 verbose cache add name="compression" spec="latest" args=["compression","latest"]
117 verbose parsed url { protocol: null,
117 verbose parsed url   slashes: null,
117 verbose parsed url   auth: null,
117 verbose parsed url   host: null,
117 verbose parsed url   port: null,
117 verbose parsed url   hostname: null,
117 verbose parsed url   hash: null,
117 verbose parsed url   search: null,
117 verbose parsed url   query: null,
117 verbose parsed url   pathname: 'latest',
117 verbose parsed url   path: 'latest',
117 verbose parsed url   href: 'latest' }
118 verbose addNamed [ 'compression', 'latest' ]
119 verbose addNamed [ null, null ]
120 silly lockFile 890def68-compression-latest compression@latest
121 verbose lock compression@latest C:\Users\Fortuna\AppData\Roaming\npm-cache\890def68-compression-latest.lock
122 verbose cache add name="express-jwt" spec="latest" args=["express-jwt","latest"]
123 verbose parsed url { protocol: null,
123 verbose parsed url   slashes: null,
123 verbose parsed url   auth: null,
123 verbose parsed url   host: null,
123 verbose parsed url   port: null,
123 verbose parsed url   hostname: null,
123 verbose parsed url   hash: null,
123 verbose parsed url   search: null,
123 verbose parsed url   query: null,
123 verbose parsed url   pathname: 'latest',
123 verbose parsed url   path: 'latest',
123 verbose parsed url   href: 'latest' }
124 verbose addNamed [ 'express-jwt', 'latest' ]
125 verbose addNamed [ null, null ]
126 silly lockFile ad8dd427-express-jwt-latest express-jwt@latest
127 verbose lock express-jwt@latest C:\Users\Fortuna\AppData\Roaming\npm-cache\ad8dd427-express-jwt-latest.lock
128 verbose cache add name="jsonwebtoken" spec="latest" args=["jsonwebtoken","latest"]
129 verbose parsed url { protocol: null,
129 verbose parsed url   slashes: null,
129 verbose parsed url   auth: null,
129 verbose parsed url   host: null,
129 verbose parsed url   port: null,
129 verbose parsed url   hostname: null,
129 verbose parsed url   hash: null,
129 verbose parsed url   search: null,
129 verbose parsed url   query: null,
129 verbose parsed url   pathname: 'latest',
129 verbose parsed url   path: 'latest',
129 verbose parsed url   href: 'latest' }
130 verbose addNamed [ 'jsonwebtoken', 'latest' ]
131 verbose addNamed [ null, null ]
132 silly lockFile e2deadb5-jsonwebtoken-latest jsonwebtoken@latest
133 verbose lock jsonwebtoken@latest C:\Users\Fortuna\AppData\Roaming\npm-cache\e2deadb5-jsonwebtoken-latest.lock
134 verbose cache add name="gulp" spec="latest" args=["gulp","latest"]
135 verbose parsed url { protocol: null,
135 verbose parsed url   slashes: null,
135 verbose parsed url   auth: null,
135 verbose parsed url   host: null,
135 verbose parsed url   port: null,
135 verbose parsed url   hostname: null,
135 verbose parsed url   hash: null,
135 verbose parsed url   search: null,
135 verbose parsed url   query: null,
135 verbose parsed url   pathname: 'latest',
135 verbose parsed url   path: 'latest',
135 verbose parsed url   href: 'latest' }
136 verbose addNamed [ 'gulp', 'latest' ]
137 verbose addNamed [ null, null ]
138 silly lockFile 429e12c1-gulp-latest gulp@latest
139 verbose lock gulp@latest C:\Users\Fortuna\AppData\Roaming\npm-cache\429e12c1-gulp-latest.lock
140 verbose cache add name="gulp-uglyfy" spec="latest" args=["gulp-uglyfy","latest"]
141 verbose parsed url { protocol: null,
141 verbose parsed url   slashes: null,
141 verbose parsed url   auth: null,
141 verbose parsed url   host: null,
141 verbose parsed url   port: null,
141 verbose parsed url   hostname: null,
141 verbose parsed url   hash: null,
141 verbose parsed url   search: null,
141 verbose parsed url   query: null,
141 verbose parsed url   pathname: 'latest',
141 verbose parsed url   path: 'latest',
141 verbose parsed url   href: 'latest' }
142 verbose addNamed [ 'gulp-uglyfy', 'latest' ]
143 verbose addNamed [ null, null ]
144 silly lockFile aa8b3946-gulp-uglyfy-latest gulp-uglyfy@latest
145 verbose lock gulp-uglyfy@latest C:\Users\Fortuna\AppData\Roaming\npm-cache\aa8b3946-gulp-uglyfy-latest.lock
146 verbose cache add name="gulp-order" spec="latest" args=["gulp-order","latest"]
147 verbose parsed url { protocol: null,
147 verbose parsed url   slashes: null,
147 verbose parsed url   auth: null,
147 verbose parsed url   host: null,
147 verbose parsed url   port: null,
147 verbose parsed url   hostname: null,
147 verbose parsed url   hash: null,
147 verbose parsed url   search: null,
147 verbose parsed url   query: null,
147 verbose parsed url   pathname: 'latest',
147 verbose parsed url   path: 'latest',
147 verbose parsed url   href: 'latest' }
148 verbose addNamed [ 'gulp-order', 'latest' ]
149 verbose addNamed [ null, null ]
150 silly lockFile 7407eee6-gulp-order-latest gulp-order@latest
151 verbose lock gulp-order@latest C:\Users\Fortuna\AppData\Roaming\npm-cache\7407eee6-gulp-order-latest.lock
152 verbose cache add name="gulp-ng-annotate" spec="latest" args=["gulp-ng-annotate","latest"]
153 verbose parsed url { protocol: null,
153 verbose parsed url   slashes: null,
153 verbose parsed url   auth: null,
153 verbose parsed url   host: null,
153 verbose parsed url   port: null,
153 verbose parsed url   hostname: null,
153 verbose parsed url   hash: null,
153 verbose parsed url   search: null,
153 verbose parsed url   query: null,
153 verbose parsed url   pathname: 'latest',
153 verbose parsed url   path: 'latest',
153 verbose parsed url   href: 'latest' }
154 verbose addNamed [ 'gulp-ng-annotate', 'latest' ]
155 verbose addNamed [ null, null ]
156 silly lockFile 4da62f6a-gulp-ng-annotate-latest gulp-ng-annotate@latest
157 verbose lock gulp-ng-annotate@latest C:\Users\Fortuna\AppData\Roaming\npm-cache\4da62f6a-gulp-ng-annotate-latest.lock
158 verbose cache add name="gulp-jshint" spec="latest" args=["gulp-jshint","latest"]
159 verbose parsed url { protocol: null,
159 verbose parsed url   slashes: null,
159 verbose parsed url   auth: null,
159 verbose parsed url   host: null,
159 verbose parsed url   port: null,
159 verbose parsed url   hostname: null,
159 verbose parsed url   hash: null,
159 verbose parsed url   search: null,
159 verbose parsed url   query: null,
159 verbose parsed url   pathname: 'latest',
159 verbose parsed url   path: 'latest',
159 verbose parsed url   href: 'latest' }
160 verbose addNamed [ 'gulp-jshint', 'latest' ]
161 verbose addNamed [ null, null ]
162 silly lockFile 9d0b7375-gulp-jshint-latest gulp-jshint@latest
163 verbose lock gulp-jshint@latest C:\Users\Fortuna\AppData\Roaming\npm-cache\9d0b7375-gulp-jshint-latest.lock
164 info addNameTag [ 'express', 'latest' ]
165 info addNameTag [ 'morgan', 'latest' ]
166 info addNameTag [ 'errorhandler', 'latest' ]
167 info addNameTag [ 'mongoose', 'latest' ]
168 info addNameTag [ 'jade', 'latest' ]
169 info addNameTag [ 'socket.io', 'latest' ]
170 info addNameTag [ 'lodash', 'latest' ]
171 info addNameTag [ 'compression', 'latest' ]
172 info addNameTag [ 'express-jwt', 'latest' ]
173 info addNameTag [ 'jsonwebtoken', 'latest' ]
174 info addNameTag [ 'gulp', 'latest' ]
175 info addNameTag [ 'gulp-uglyfy', 'latest' ]
176 info addNameTag [ 'gulp-order', 'latest' ]
177 info addNameTag [ 'gulp-ng-annotate', 'latest' ]
178 info addNameTag [ 'body-parser', 'latest' ]
179 info addNameTag [ 'gulp-jshint', 'latest' ]
180 verbose request where is /gulp-order
181 verbose request registry https://registry.npmjs.org/
182 verbose request id b050ae33c3fb4e50
183 verbose url raw /gulp-order
184 verbose url resolving [ 'https://registry.npmjs.org/', './gulp-order' ]
185 verbose url resolved https://registry.npmjs.org/gulp-order
186 verbose request where is https://registry.npmjs.org/gulp-order
187 info trying registry request attempt 1 at 23:30:34
188 verbose etag "9P6YR7MX2TRPF3Q8ZR43GQ61X"
189 http GET https://registry.npmjs.org/gulp-order
190 verbose request where is /gulp-uglyfy
191 verbose request registry https://registry.npmjs.org/
192 verbose url raw /gulp-uglyfy
193 verbose url resolving [ 'https://registry.npmjs.org/', './gulp-uglyfy' ]
194 verbose url resolved https://registry.npmjs.org/gulp-uglyfy
195 verbose request where is https://registry.npmjs.org/gulp-uglyfy
196 info trying registry request attempt 1 at 23:30:34
197 http GET https://registry.npmjs.org/gulp-uglyfy
198 verbose request where is /gulp-jshint
199 verbose request registry https://registry.npmjs.org/
200 verbose url raw /gulp-jshint
201 verbose url resolving [ 'https://registry.npmjs.org/', './gulp-jshint' ]
202 verbose url resolved https://registry.npmjs.org/gulp-jshint
203 verbose request where is https://registry.npmjs.org/gulp-jshint
204 info trying registry request attempt 1 at 23:30:34
205 verbose etag "72XPP6WMIUTKN8FQ957MJI7GX"
206 http GET https://registry.npmjs.org/gulp-jshint
207 verbose request where is /gulp-concat
208 verbose request registry https://registry.npmjs.org/
209 verbose url raw /gulp-concat
210 verbose url resolving [ 'https://registry.npmjs.org/', './gulp-concat' ]
211 verbose url resolved https://registry.npmjs.org/gulp-concat
212 verbose request where is https://registry.npmjs.org/gulp-concat
213 info trying registry request attempt 1 at 23:30:34
214 verbose etag "ASYQX1OL9NH7JP6MI3EEXKWAX"
215 http GET https://registry.npmjs.org/gulp-concat
216 verbose request where is /mongoose
217 verbose request registry https://registry.npmjs.org/
218 verbose url raw /mongoose
219 verbose url resolving [ 'https://registry.npmjs.org/', './mongoose' ]
220 verbose url resolved https://registry.npmjs.org/mongoose
221 verbose request where is https://registry.npmjs.org/mongoose
222 info trying registry request attempt 1 at 23:30:34
223 verbose etag "CLGYZ7C07L59223NYO13JCIZP"
224 http GET https://registry.npmjs.org/mongoose
225 verbose request where is /express-jwt
226 verbose request registry https://registry.npmjs.org/
227 verbose url raw /express-jwt
228 verbose url resolving [ 'https://registry.npmjs.org/', './express-jwt' ]
229 verbose url resolved https://registry.npmjs.org/express-jwt
230 verbose request where is https://registry.npmjs.org/express-jwt
231 info trying registry request attempt 1 at 23:30:34
232 verbose etag "95DC0T6D743K6UDQUSMBYUNWG"
233 http GET https://registry.npmjs.org/express-jwt
234 verbose request where is /compression
235 verbose request registry https://registry.npmjs.org/
236 verbose url raw /compression
237 verbose url resolving [ 'https://registry.npmjs.org/', './compression' ]
238 verbose url resolved https://registry.npmjs.org/compression
239 verbose request where is https://registry.npmjs.org/compression
240 info trying registry request attempt 1 at 23:30:34
241 verbose etag "1XEAQRB091EL0WC4DISJGWM7X"
242 http GET https://registry.npmjs.org/compression
243 verbose request where is /morgan
244 verbose request registry https://registry.npmjs.org/
245 verbose url raw /morgan
246 verbose url resolving [ 'https://registry.npmjs.org/', './morgan' ]
247 verbose url resolved https://registry.npmjs.org/morgan
248 verbose request where is https://registry.npmjs.org/morgan
249 info trying registry request attempt 1 at 23:30:34
250 verbose etag "AZAUPRTBF7IDB5ZNT1PUN8D7T"
251 http GET https://registry.npmjs.org/morgan
252 verbose request where is /jade
253 verbose request registry https://registry.npmjs.org/
254 verbose url raw /jade
255 verbose url resolving [ 'https://registry.npmjs.org/', './jade' ]
256 verbose url resolved https://registry.npmjs.org/jade
257 verbose request where is https://registry.npmjs.org/jade
258 info trying registry request attempt 1 at 23:30:34
259 verbose etag "7MWMK14ZF6N45D5YWWMN7VIBP"
260 http GET https://registry.npmjs.org/jade
261 verbose request where is /lodash
262 verbose request registry https://registry.npmjs.org/
263 verbose url raw /lodash
264 verbose url resolving [ 'https://registry.npmjs.org/', './lodash' ]
265 verbose url resolved https://registry.npmjs.org/lodash
266 verbose request where is https://registry.npmjs.org/lodash
267 info trying registry request attempt 1 at 23:30:34
268 verbose etag "BKFTAPE2U57LC0Z0TNCVIUWXL"
269 http GET https://registry.npmjs.org/lodash
270 verbose request where is /socket.io
271 verbose request registry https://registry.npmjs.org/
272 verbose url raw /socket.io
273 verbose url resolving [ 'https://registry.npmjs.org/', './socket.io' ]
274 verbose url resolved https://registry.npmjs.org/socket.io
275 verbose request where is https://registry.npmjs.org/socket.io
276 info trying registry request attempt 1 at 23:30:34
277 verbose etag "93XWB4WN0WTD2OSMUQSO05C60"
278 http GET https://registry.npmjs.org/socket.io
279 verbose request where is /jsonwebtoken
280 verbose request registry https://registry.npmjs.org/
281 verbose url raw /jsonwebtoken
282 verbose url resolving [ 'https://registry.npmjs.org/', './jsonwebtoken' ]
283 verbose url resolved https://registry.npmjs.org/jsonwebtoken
284 verbose request where is https://registry.npmjs.org/jsonwebtoken
285 info trying registry request attempt 1 at 23:30:34
286 verbose etag "3RR46YNR9AH82Z8P9VMY0AF5Q"
287 http GET https://registry.npmjs.org/jsonwebtoken
288 verbose request where is /gulp-ng-annotate
289 verbose request registry https://registry.npmjs.org/
290 verbose url raw /gulp-ng-annotate
291 verbose url resolving [ 'https://registry.npmjs.org/', './gulp-ng-annotate' ]
292 verbose url resolved https://registry.npmjs.org/gulp-ng-annotate
293 verbose request where is https://registry.npmjs.org/gulp-ng-annotate
294 info trying registry request attempt 1 at 23:30:34
295 verbose etag "30HYXXHJCQ32CGU4OTBES24YD"
296 http GET https://registry.npmjs.org/gulp-ng-annotate
297 verbose request where is /gulp
298 verbose request registry https://registry.npmjs.org/
299 verbose url raw /gulp
300 verbose url resolving [ 'https://registry.npmjs.org/', './gulp' ]
301 verbose url resolved https://registry.npmjs.org/gulp
302 verbose request where is https://registry.npmjs.org/gulp
303 info trying registry request attempt 1 at 23:30:34
304 verbose etag "DY1DPW1GI2SCGONP9ZHVEVU2L"
305 http GET https://registry.npmjs.org/gulp
306 verbose request where is /errorhandler
307 verbose request registry https://registry.npmjs.org/
308 verbose url raw /errorhandler
309 verbose url resolving [ 'https://registry.npmjs.org/', './errorhandler' ]
310 verbose url resolved https://registry.npmjs.org/errorhandler
311 verbose request where is https://registry.npmjs.org/errorhandler
312 info trying registry request attempt 1 at 23:30:34
313 verbose etag "8OMILRR7LKS3NSD4595ZFCPCF"
314 http GET https://registry.npmjs.org/errorhandler
315 verbose request where is /body-parser
316 verbose request registry https://registry.npmjs.org/
317 verbose url raw /body-parser
318 verbose url resolving [ 'https://registry.npmjs.org/', './body-parser' ]
319 verbose url resolved https://registry.npmjs.org/body-parser
320 verbose request where is https://registry.npmjs.org/body-parser
321 info trying registry request attempt 1 at 23:30:34
322 verbose etag "31NOWALYE5KS8CUXXM9FZZM0H"
323 http GET https://registry.npmjs.org/body-parser
324 verbose request where is /express
325 verbose request registry https://registry.npmjs.org/
326 verbose url raw /express
327 verbose url resolving [ 'https://registry.npmjs.org/', './express' ]
328 verbose url resolved https://registry.npmjs.org/express
329 verbose request where is https://registry.npmjs.org/express
330 info trying registry request attempt 1 at 23:30:34
331 verbose etag "A9P34LF7MAYQZQJ51DUBXXDG4"
332 http GET https://registry.npmjs.org/express
333 http 304 https://registry.npmjs.org/gulp-order
334 silly registry.get cb [ 304,
334 silly registry.get   { date: 'Sat, 29 Nov 2014 22:30:33 GMT',
334 silly registry.get     server: 'Apache',
334 silly registry.get     via: '1.1 varnish',
334 silly registry.get     'last-modified': 'Sat, 29 Nov 2014 22:30:33 GMT',
334 silly registry.get     'cache-control': 'max-age=60',
334 silly registry.get     etag: '"9P6YR7MX2TRPF3Q8ZR43GQ61X"',
334 silly registry.get     age: '0',
334 silly registry.get     'x-served-by': 'cache-ams4146-AMS',
334 silly registry.get     'x-cache': 'MISS',
334 silly registry.get     'x-cache-hits': '0',
334 silly registry.get     'x-timer': 'S1417300233.634906,VS0,VE90',
334 silly registry.get     vary: 'Accept',
334 silly registry.get     'content-length': '0',
334 silly registry.get     'keep-alive': 'timeout=10, max=50',
334 silly registry.get     connection: 'Keep-Alive' } ]
335 verbose etag https://registry.npmjs.org/gulp-order from cache
336 verbose addNamed [ 'gulp-order', '1.1.1' ]
337 verbose addNamed [ '1.1.1', '1.1.1' ]
338 silly lockFile 60949527-gulp-order-1-1-1 gulp-order@1.1.1
339 verbose lock gulp-order@1.1.1 C:\Users\Fortuna\AppData\Roaming\npm-cache\60949527-gulp-order-1-1-1.lock
340 silly lockFile 60949527-gulp-order-1-1-1 gulp-order@1.1.1
341 silly lockFile 60949527-gulp-order-1-1-1 gulp-order@1.1.1
342 silly lockFile 7407eee6-gulp-order-latest gulp-order@latest
343 silly lockFile 7407eee6-gulp-order-latest gulp-order@latest
344 info already installed gulp-order@1.1.1
345 http 404 https://registry.npmjs.org/gulp-uglyfy
346 verbose headers { date: 'Sat, 29 Nov 2014 22:30:33 GMT',
346 verbose headers   server: 'CouchDB/1.5.0 (Erlang OTP/R14B04)',
346 verbose headers   'content-type': 'application/json',
346 verbose headers   'cache-control': 'max-age=0',
346 verbose headers   'content-length': '52',
346 verbose headers   'accept-ranges': 'bytes',
346 verbose headers   via: '1.1 varnish',
346 verbose headers   age: '0',
346 verbose headers   'x-served-by': 'cache-fra1225-FRA',
346 verbose headers   'x-cache': 'MISS',
346 verbose headers   'x-cache-hits': '0',
346 verbose headers   'x-timer': 'S1417300233.681528,VS0,VE112',
346 verbose headers   'keep-alive': 'timeout=10, max=50',
346 verbose headers   connection: 'Keep-Alive' }
347 silly registry.get cb [ 404,
347 silly registry.get   { date: 'Sat, 29 Nov 2014 22:30:33 GMT',
347 silly registry.get     server: 'CouchDB/1.5.0 (Erlang OTP/R14B04)',
347 silly registry.get     'content-type': 'application/json',
347 silly registry.get     'cache-control': 'max-age=0',
347 silly registry.get     'content-length': '52',
347 silly registry.get     'accept-ranges': 'bytes',
347 silly registry.get     via: '1.1 varnish',
347 silly registry.get     age: '0',
347 silly registry.get     'x-served-by': 'cache-fra1225-FRA',
347 silly registry.get     'x-cache': 'MISS',
347 silly registry.get     'x-cache-hits': '0',
347 silly registry.get     'x-timer': 'S1417300233.681528,VS0,VE112',
347 silly registry.get     'keep-alive': 'timeout=10, max=50',
347 silly registry.get     connection: 'Keep-Alive' } ]
348 silly lockFile aa8b3946-gulp-uglyfy-latest gulp-uglyfy@latest
349 silly lockFile aa8b3946-gulp-uglyfy-latest gulp-uglyfy@latest
350 http 304 https://registry.npmjs.org/gulp-jshint
351 silly registry.get cb [ 304,
351 silly registry.get   { date: 'Sat, 29 Nov 2014 22:30:33 GMT',
351 silly registry.get     server: 'Apache',
351 silly registry.get     via: '1.1 varnish',
351 silly registry.get     'last-modified': 'Sat, 29 Nov 2014 22:30:33 GMT',
351 silly registry.get     'cache-control': 'max-age=60',
351 silly registry.get     etag: '"72XPP6WMIUTKN8FQ957MJI7GX"',
351 silly registry.get     age: '0',
351 silly registry.get     'x-served-by': 'cache-fra1225-FRA',
351 silly registry.get     'x-cache': 'HIT',
351 silly registry.get     'x-cache-hits': '1',
351 silly registry.get     'x-timer': 'S1417300233.685704,VS0,VE169',
351 silly registry.get     vary: 'Accept',
351 silly registry.get     'content-length': '0',
351 silly registry.get     'keep-alive': 'timeout=10, max=50',
351 silly registry.get     connection: 'Keep-Alive' } ]
352 verbose etag https://registry.npmjs.org/gulp-jshint from cache
353 verbose addNamed [ 'gulp-jshint', '1.9.0' ]
354 verbose addNamed [ '1.9.0', '1.9.0' ]
355 silly lockFile 0a299df4-gulp-jshint-1-9-0 gulp-jshint@1.9.0
356 verbose lock gulp-jshint@1.9.0 C:\Users\Fortuna\AppData\Roaming\npm-cache\0a299df4-gulp-jshint-1-9-0.lock
357 silly lockFile 0a299df4-gulp-jshint-1-9-0 gulp-jshint@1.9.0
358 silly lockFile 0a299df4-gulp-jshint-1-9-0 gulp-jshint@1.9.0
359 silly lockFile 9d0b7375-gulp-jshint-latest gulp-jshint@latest
360 silly lockFile 9d0b7375-gulp-jshint-latest gulp-jshint@latest
361 info already installed gulp-jshint@1.9.0
362 http 200 https://registry.npmjs.org/compression
363 silly registry.get cb [ 200,
363 silly registry.get   { date: 'Sat, 29 Nov 2014 22:30:33 GMT',
363 silly registry.get     server: 'CouchDB/1.5.0 (Erlang OTP/R16B03)',
363 silly registry.get     etag: '"4UJB5IH7DDKPPW0WX2AIWGIEG"',
363 silly registry.get     'content-type': 'application/json',
363 silly registry.get     'cache-control': 'max-age=60',
363 silly registry.get     'content-length': '33568',
363 silly registry.get     'accept-ranges': 'bytes',
363 silly registry.get     via: '1.1 varnish',
363 silly registry.get     age: '22',
363 silly registry.get     'x-served-by': 'cache-fra1225-FRA',
363 silly registry.get     'x-cache': 'HIT',
363 silly registry.get     'x-cache-hits': '1',
363 silly registry.get     'x-timer': 'S1417300233.845695,VS0,VE0',
363 silly registry.get     vary: 'Accept',
363 silly registry.get     'keep-alive': 'timeout=10, max=49',
363 silly registry.get     connection: 'Keep-Alive' } ]
364 verbose addNamed [ 'compression', '1.2.1' ]
365 verbose addNamed [ '1.2.1', '1.2.1' ]
366 silly lockFile b632aa45-compression-1-2-1 compression@1.2.1
367 verbose lock compression@1.2.1 C:\Users\Fortuna\AppData\Roaming\npm-cache\b632aa45-compression-1-2-1.lock
368 silly lockFile 8095ec4a-ompression-compression-1-2-1-tgz https://registry.npmjs.org/compression/-/compression-1.2.1.tgz
369 verbose lock https://registry.npmjs.org/compression/-/compression-1.2.1.tgz C:\Users\Fortuna\AppData\Roaming\npm-cache\8095ec4a-ompression-compression-1-2-1-tgz.lock
370 verbose addRemoteTarball [ 'https://registry.npmjs.org/compression/-/compression-1.2.1.tgz',
370 verbose addRemoteTarball   '12ebaac04d308ca6103618a9716ce5634b939e9c' ]
371 info retry fetch attempt 1 at 23:30:34
372 verbose fetch to= C:\Users\Fortuna\AppData\Local\Temp\npm-4840-WfWwhYlE\registry.npmjs.org\compression\-\compression-1.2.1.tgz
373 http GET https://registry.npmjs.org/compression/-/compression-1.2.1.tgz
374 http 200 https://registry.npmjs.org/morgan
375 silly registry.get cb [ 200,
375 silly registry.get   { date: 'Sat, 29 Nov 2014 22:30:33 GMT',
375 silly registry.get     server: 'CouchDB/1.5.0 (Erlang OTP/R16B03)',
375 silly registry.get     etag: '"A4D8HEFHF3VM613B88P1RXA9D"',
375 silly registry.get     'content-type': 'application/json',
375 silly registry.get     'cache-control': 'max-age=60',
375 silly registry.get     'content-length': '31729',
375 silly registry.get     'accept-ranges': 'bytes',
375 silly registry.get     via: '1.1 varnish',
375 silly registry.get     age: '22',
375 silly registry.get     'x-served-by': 'cache-fra1225-FRA',
375 silly registry.get     'x-cache': 'HIT',
375 silly registry.get     'x-cache-hits': '1',
375 silly registry.get     'x-timer': 'S1417300233.904450,VS0,VE1',
375 silly registry.get     vary: 'Accept',
375 silly registry.get     'keep-alive': 'timeout=10, max=49',
375 silly registry.get     connection: 'Keep-Alive' } ]
376 verbose addNamed [ 'morgan', '1.5.0' ]
377 verbose addNamed [ '1.5.0', '1.5.0' ]
378 silly lockFile 2a4cac9b-morgan-1-5-0 morgan@1.5.0
379 verbose lock morgan@1.5.0 C:\Users\Fortuna\AppData\Roaming\npm-cache\2a4cac9b-morgan-1-5-0.lock
380 silly lockFile 2a4cac9b-morgan-1-5-0 morgan@1.5.0
381 silly lockFile 2a4cac9b-morgan-1-5-0 morgan@1.5.0
382 silly lockFile d2a09fff-morgan-latest morgan@latest
383 silly lockFile d2a09fff-morgan-latest morgan@latest
384 info already installed morgan@1.5.0
385 http 200 https://registry.npmjs.org/mongoose
386 silly registry.get cb [ 200,
386 silly registry.get   { date: 'Sat, 29 Nov 2014 22:30:33 GMT',
386 silly registry.get     server: 'CouchDB/1.5.0 (Erlang OTP/R14B04)',
386 silly registry.get     etag: '"77FWAE9R2CSD8D3I87ZXZVSD0"',
386 silly registry.get     'content-type': 'application/json',
386 silly registry.get     'cache-control': 'max-age=60',
386 silly registry.get     'content-length': '278873',
386 silly registry.get     'accept-ranges': 'bytes',
386 silly registry.get     via: '1.1 varnish',
386 silly registry.get     age: '36',
386 silly registry.get     'x-served-by': 'cache-fra1245-FRA',
386 silly registry.get     'x-cache': 'HIT',
386 silly registry.get     'x-cache-hits': '1',
386 silly registry.get     'x-timer': 'S1417300233.685643,VS0,VE1',
386 silly registry.get     vary: 'Accept',
386 silly registry.get     'keep-alive': 'timeout=10, max=50',
386 silly registry.get     connection: 'Keep-Alive' } ]
387 verbose addNamed [ 'mongoose', '3.8.19' ]
388 verbose addNamed [ '3.8.19', '3.8.19' ]
389 silly lockFile 32b89ef2-mongoose-3-8-19 mongoose@3.8.19
390 verbose lock mongoose@3.8.19 C:\Users\Fortuna\AppData\Roaming\npm-cache\32b89ef2-mongoose-3-8-19.lock
391 silly lockFile 32b89ef2-mongoose-3-8-19 mongoose@3.8.19
392 silly lockFile 32b89ef2-mongoose-3-8-19 mongoose@3.8.19
393 silly lockFile 73e949f4-mongoose-latest mongoose@latest
394 silly lockFile 73e949f4-mongoose-latest mongoose@latest
395 info already installed mongoose@3.8.19
396 http 200 https://registry.npmjs.org/jade
397 silly registry.get cb [ 200,
397 silly registry.get   { date: 'Sat, 29 Nov 2014 22:30:33 GMT',
397 silly registry.get     server: 'CouchDB/1.5.0 (Erlang OTP/R16B03)',
397 silly registry.get     etag: '"9GJOKIQU4S89W2JB6QNG1E7RC"',
397 silly registry.get     'content-type': 'application/json',
397 silly registry.get     'cache-control': 'max-age=60',
397 silly registry.get     'content-length': '128889',
397 silly registry.get     'accept-ranges': 'bytes',
397 silly registry.get     via: '1.1 varnish',
397 silly registry.get     age: '44',
397 silly registry.get     'x-served-by': 'cache-fra1225-FRA',
397 silly registry.get     'x-cache': 'HIT',
397 silly registry.get     'x-cache-hits': '2',
397 silly registry.get     'x-timer': 'S1417300233.947194,VS0,VE0',
397 silly registry.get     vary: 'Accept',
397 silly registry.get     'keep-alive': 'timeout=10, max=48',
397 silly registry.get     connection: 'Keep-Alive' } ]
398 http 304 https://registry.npmjs.org/gulp-concat
399 silly registry.get cb [ 304,
399 silly registry.get   { date: 'Sat, 29 Nov 2014 22:30:33 GMT',
399 silly registry.get     server: 'Apache',
399 silly registry.get     via: '1.1 varnish',
399 silly registry.get     'last-modified': 'Sat, 29 Nov 2014 22:30:34 GMT',
399 silly registry.get     'cache-control': 'max-age=60',
399 silly registry.get     etag: '"ASYQX1OL9NH7JP6MI3EEXKWAX"',
399 silly registry.get     age: '0',
399 silly registry.get     'x-served-by': 'cache-fra1245-FRA',
399 silly registry.get     'x-cache': 'HIT',
399 silly registry.get     'x-cache-hits': '1',
399 silly registry.get     'x-timer': 'S1417300233.696853,VS0,VE410',
399 silly registry.get     vary: 'Accept',
399 silly registry.get     'content-length': '0',
399 silly registry.get     'keep-alive': 'timeout=10, max=50',
399 silly registry.get     connection: 'Keep-Alive' } ]
400 verbose etag https://registry.npmjs.org/gulp-concat from cache
401 verbose addNamed [ 'jade', '1.8.0' ]
402 verbose addNamed [ '1.8.0', '1.8.0' ]
403 silly lockFile 7b7f6461-jade-1-8-0 jade@1.8.0
404 verbose lock jade@1.8.0 C:\Users\Fortuna\AppData\Roaming\npm-cache\7b7f6461-jade-1-8-0.lock
405 verbose addNamed [ 'gulp-concat', '2.4.2' ]
406 verbose addNamed [ '2.4.2', '2.4.2' ]
407 silly lockFile 00e29c6f-gulp-concat-2-4-2 gulp-concat@2.4.2
408 verbose lock gulp-concat@2.4.2 C:\Users\Fortuna\AppData\Roaming\npm-cache\00e29c6f-gulp-concat-2-4-2.lock
409 silly lockFile be95c5f8-ry-npmjs-org-jade-jade-1-8-0-tgz https://registry.npmjs.org/jade/-/jade-1.8.0.tgz
410 verbose lock https://registry.npmjs.org/jade/-/jade-1.8.0.tgz C:\Users\Fortuna\AppData\Roaming\npm-cache\be95c5f8-ry-npmjs-org-jade-jade-1-8-0-tgz.lock
411 verbose addRemoteTarball [ 'https://registry.npmjs.org/jade/-/jade-1.8.0.tgz',
411 verbose addRemoteTarball   '0a845a74420723d26adf91dcaa55ca4e9e26f881' ]
412 info retry fetch attempt 1 at 23:30:34
413 verbose fetch to= C:\Users\Fortuna\AppData\Local\Temp\npm-4840-WfWwhYlE\registry.npmjs.org\jade\-\jade-1.8.0.tgz
414 http GET https://registry.npmjs.org/jade/-/jade-1.8.0.tgz
415 http 200 https://registry.npmjs.org/jsonwebtoken
416 silly registry.get cb [ 200,
416 silly registry.get   { date: 'Sat, 29 Nov 2014 22:30:34 GMT',
416 silly registry.get     server: 'CouchDB/1.5.0 (Erlang OTP/R16B03)',
416 silly registry.get     etag: '"2Z6XPTSV7C01ABY0T8LL7DDEG"',
416 silly registry.get     'content-type': 'application/json',
416 silly registry.get     'cache-control': 'max-age=60',
416 silly registry.get     'content-length': '17434',
416 silly registry.get     'accept-ranges': 'bytes',
416 silly registry.get     via: '1.1 varnish',
416 silly registry.get     age: '39',
416 silly registry.get     'x-served-by': 'cache-fra1225-FRA',
416 silly registry.get     'x-cache': 'HIT',
416 silly registry.get     'x-cache-hits': '1',
416 silly registry.get     'x-timer': 'S1417300234.151194,VS0,VE0',
416 silly registry.get     vary: 'Accept',
416 silly registry.get     'keep-alive': 'timeout=10, max=47',
416 silly registry.get     connection: 'Keep-Alive' } ]
417 verbose addNamed [ 'jsonwebtoken', '1.2.0' ]
418 verbose addNamed [ '1.2.0', '1.2.0' ]
419 silly lockFile 3f26564d-jsonwebtoken-1-2-0 jsonwebtoken@1.2.0
420 verbose lock jsonwebtoken@1.2.0 C:\Users\Fortuna\AppData\Roaming\npm-cache\3f26564d-jsonwebtoken-1-2-0.lock
421 http 200 https://registry.npmjs.org/compression/-/compression-1.2.1.tgz
422 silly lockFile 931f02f9-nwebtoken-jsonwebtoken-1-2-0-tgz https://registry.npmjs.org/jsonwebtoken/-/jsonwebtoken-1.2.0.tgz
423 verbose lock https://registry.npmjs.org/jsonwebtoken/-/jsonwebtoken-1.2.0.tgz C:\Users\Fortuna\AppData\Roaming\npm-cache\931f02f9-nwebtoken-jsonwebtoken-1-2-0-tgz.lock
424 verbose addRemoteTarball [ 'https://registry.npmjs.org/jsonwebtoken/-/jsonwebtoken-1.2.0.tgz',
424 verbose addRemoteTarball   'bfef60d674b036eac59c6178cf778aa7e6ff2212' ]
425 info retry fetch attempt 1 at 23:30:34
426 verbose fetch to= C:\Users\Fortuna\AppData\Local\Temp\npm-4840-WfWwhYlE\registry.npmjs.org\jsonwebtoken\-\jsonwebtoken-1.2.0.tgz
427 http GET https://registry.npmjs.org/jsonwebtoken/-/jsonwebtoken-1.2.0.tgz
428 http 200 https://registry.npmjs.org/socket.io
429 silly registry.get cb [ 200,
429 silly registry.get   { date: 'Sat, 29 Nov 2014 22:30:34 GMT',
429 silly registry.get     server: 'CouchDB/1.5.0 (Erlang OTP/R16B03)',
429 silly registry.get     etag: '"204LXKH3R5W7GUUILRZ92T0AH"',
429 silly registry.get     'content-type': 'application/json',
429 silly registry.get     'cache-control': 'max-age=60',
429 silly registry.get     'content-length': '102862',
429 silly registry.get     'accept-ranges': 'bytes',
429 silly registry.get     via: '1.1 varnish',
429 silly registry.get     age: '0',
429 silly registry.get     'x-served-by': 'cache-fra1245-FRA',
429 silly registry.get     'x-cache': 'HIT',
429 silly registry.get     'x-cache-hits': '1',
429 silly registry.get     'x-timer': 'S1417300234.089755,VS0,VE50',
429 silly registry.get     vary: 'Accept',
429 silly registry.get     'keep-alive': 'timeout=10, max=49',
429 silly registry.get     connection: 'Keep-Alive' } ]
430 silly lockFile 00e29c6f-gulp-concat-2-4-2 gulp-concat@2.4.2
431 silly lockFile 00e29c6f-gulp-concat-2-4-2 gulp-concat@2.4.2
432 silly lockFile 8bbbbeeb-gulp-concat-latest gulp-concat@latest
433 silly lockFile 8bbbbeeb-gulp-concat-latest gulp-concat@latest
434 silly lockFile 8095ec4a-ompression-compression-1-2-1-tgz https://registry.npmjs.org/compression/-/compression-1.2.1.tgz
435 silly lockFile 8095ec4a-ompression-compression-1-2-1-tgz https://registry.npmjs.org/compression/-/compression-1.2.1.tgz
436 verbose addNamed [ 'socket.io', '1.2.1' ]
437 verbose addNamed [ '1.2.1', '1.2.1' ]
438 silly lockFile 77e414a6-socket-io-1-2-1 socket.io@1.2.1
439 verbose lock socket.io@1.2.1 C:\Users\Fortuna\AppData\Roaming\npm-cache\77e414a6-socket-io-1-2-1.lock
440 silly lockFile b632aa45-compression-1-2-1 compression@1.2.1
441 silly lockFile b632aa45-compression-1-2-1 compression@1.2.1
442 silly lockFile 890def68-compression-latest compression@latest
443 silly lockFile 890def68-compression-latest compression@latest
444 silly lockFile 03c4f5da-rg-socket-io-socket-io-1-2-1-tgz https://registry.npmjs.org/socket.io/-/socket.io-1.2.1.tgz
445 verbose lock https://registry.npmjs.org/socket.io/-/socket.io-1.2.1.tgz C:\Users\Fortuna\AppData\Roaming\npm-cache\03c4f5da-rg-socket-io-socket-io-1-2-1-tgz.lock
446 info already installed gulp-concat@2.4.2
447 verbose addRemoteTarball [ 'https://registry.npmjs.org/socket.io/-/socket.io-1.2.1.tgz',
447 verbose addRemoteTarball   '84400af534c0d32baa9ac88937eedb5b8465ee92' ]
448 info retry fetch attempt 1 at 23:30:34
449 verbose fetch to= C:\Users\Fortuna\AppData\Local\Temp\npm-4840-WfWwhYlE\registry.npmjs.org\socket.io\-\socket.io-1.2.1.tgz
450 http GET https://registry.npmjs.org/socket.io/-/socket.io-1.2.1.tgz
451 http 200 https://registry.npmjs.org/express-jwt
452 silly registry.get cb [ 200,
452 silly registry.get   { date: 'Sat, 29 Nov 2014 22:30:34 GMT',
452 silly registry.get     server: 'CouchDB/1.5.0 (Erlang OTP/R16B03)',
452 silly registry.get     etag: '"9Z1PH5VY7SQ6806ESUA1LI8OH"',
452 silly registry.get     'content-type': 'application/json',
452 silly registry.get     'cache-control': 'max-age=60',
452 silly registry.get     'content-length': '22363',
452 silly registry.get     'accept-ranges': 'bytes',
452 silly registry.get     via: '1.1 varnish',
452 silly registry.get     age: '0',
452 silly registry.get     'x-served-by': 'cache-ams4146-AMS',
452 silly registry.get     'x-cache': 'HIT',
452 silly registry.get     'x-cache-hits': '1',
452 silly registry.get     'x-timer': 'S1417300233.787387,VS0,VE384',
452 silly registry.get     vary: 'Accept',
452 silly registry.get     'keep-alive': 'timeout=10, max=49',
452 silly registry.get     connection: 'Keep-Alive' } ]
453 verbose addNamed [ 'express-jwt', '0.5.1' ]
454 verbose addNamed [ '0.5.1', '0.5.1' ]
455 silly lockFile 9823fa84-express-jwt-0-5-1 express-jwt@0.5.1
456 verbose lock express-jwt@0.5.1 C:\Users\Fortuna\AppData\Roaming\npm-cache\9823fa84-express-jwt-0-5-1.lock
457 http 200 https://registry.npmjs.org/errorhandler
458 silly registry.get cb [ 200,
458 silly registry.get   { date: 'Sat, 29 Nov 2014 22:30:34 GMT',
458 silly registry.get     server: 'CouchDB/1.5.0 (Erlang OTP/R16B03)',
458 silly registry.get     etag: '"AWUXIJKRD4L4ZNFU0QKHWPO40"',
458 silly registry.get     'content-type': 'application/json',
458 silly registry.get     'cache-control': 'max-age=60',
458 silly registry.get     'content-length': '20370',
458 silly registry.get     'accept-ranges': 'bytes',
458 silly registry.get     via: '1.1 varnish',
458 silly registry.get     age: '22',
458 silly registry.get     'x-served-by': 'cache-fra1245-FRA',
458 silly registry.get     'x-cache': 'HIT',
458 silly registry.get     'x-cache-hits': '1',
458 silly registry.get     'x-timer': 'S1417300234.242118,VS0,VE0',
458 silly registry.get     vary: 'Accept',
458 silly registry.get     'keep-alive': 'timeout=10, max=48',
458 silly registry.get     connection: 'Keep-Alive' } ]
459 silly lockFile 1d660895-xpress-jwt-express-jwt-0-5-1-tgz https://registry.npmjs.org/express-jwt/-/express-jwt-0.5.1.tgz
460 verbose lock https://registry.npmjs.org/express-jwt/-/express-jwt-0.5.1.tgz C:\Users\Fortuna\AppData\Roaming\npm-cache\1d660895-xpress-jwt-express-jwt-0-5-1-tgz.lock
461 verbose addRemoteTarball [ 'https://registry.npmjs.org/express-jwt/-/express-jwt-0.5.1.tgz',
461 verbose addRemoteTarball   '6c0c7b528d3e2affdae983ef64c2dc195284c008' ]
462 verbose addNamed [ 'errorhandler', '1.3.0' ]
463 verbose addNamed [ '1.3.0', '1.3.0' ]
464 silly lockFile 0a78e6c5-errorhandler-1-3-0 errorhandler@1.3.0
465 verbose lock errorhandler@1.3.0 C:\Users\Fortuna\AppData\Roaming\npm-cache\0a78e6c5-errorhandler-1-3-0.lock
466 info retry fetch attempt 1 at 23:30:35
467 verbose fetch to= C:\Users\Fortuna\AppData\Local\Temp\npm-4840-WfWwhYlE\registry.npmjs.org\express-jwt\-\express-jwt-0.5.1.tgz
468 http GET https://registry.npmjs.org/express-jwt/-/express-jwt-0.5.1.tgz
469 silly lockFile fb154c4e-orhandler-errorhandler-1-3-0-tgz https://registry.npmjs.org/errorhandler/-/errorhandler-1.3.0.tgz
470 verbose lock https://registry.npmjs.org/errorhandler/-/errorhandler-1.3.0.tgz C:\Users\Fortuna\AppData\Roaming\npm-cache\fb154c4e-orhandler-errorhandler-1-3-0-tgz.lock
471 verbose addRemoteTarball [ 'https://registry.npmjs.org/errorhandler/-/errorhandler-1.3.0.tgz',
471 verbose addRemoteTarball   'bd1b03287845f1098589c399d91b802ed216b2b9' ]
472 info retry fetch attempt 1 at 23:30:35
473 verbose fetch to= C:\Users\Fortuna\AppData\Local\Temp\npm-4840-WfWwhYlE\registry.npmjs.org\errorhandler\-\errorhandler-1.3.0.tgz
474 http GET https://registry.npmjs.org/errorhandler/-/errorhandler-1.3.0.tgz
475 http 200 https://registry.npmjs.org/jade/-/jade-1.8.0.tgz
476 http 200 https://registry.npmjs.org/jsonwebtoken/-/jsonwebtoken-1.2.0.tgz
477 silly lockFile 931f02f9-nwebtoken-jsonwebtoken-1-2-0-tgz https://registry.npmjs.org/jsonwebtoken/-/jsonwebtoken-1.2.0.tgz
478 silly lockFile 931f02f9-nwebtoken-jsonwebtoken-1-2-0-tgz https://registry.npmjs.org/jsonwebtoken/-/jsonwebtoken-1.2.0.tgz
479 silly lockFile 3f26564d-jsonwebtoken-1-2-0 jsonwebtoken@1.2.0
480 silly lockFile 3f26564d-jsonwebtoken-1-2-0 jsonwebtoken@1.2.0
481 silly lockFile e2deadb5-jsonwebtoken-latest jsonwebtoken@latest
482 silly lockFile e2deadb5-jsonwebtoken-latest jsonwebtoken@latest
483 http 200 https://registry.npmjs.org/body-parser
484 silly registry.get cb [ 200,
484 silly registry.get   { date: 'Sat, 29 Nov 2014 22:30:34 GMT',
484 silly registry.get     server: 'CouchDB/1.5.0 (Erlang OTP/R16B03)',
484 silly registry.get     etag: '"5X0SU04JVGRH1KU6UBX5M5BJS"',
484 silly registry.get     'content-type': 'application/json',
484 silly registry.get     'cache-control': 'max-age=60',
484 silly registry.get     'content-length': '73693',
484 silly registry.get     'accept-ranges': 'bytes',
484 silly registry.get     via: '1.1 varnish',
484 silly registry.get     age: '29',
484 silly registry.get     'x-served-by': 'cache-ams4146-AMS',
484 silly registry.get     'x-cache': 'HIT',
484 silly registry.get     'x-cache-hits': '1',
484 silly registry.get     'x-timer': 'S1417300234.295174,VS0,VE0',
484 silly registry.get     vary: 'Accept',
484 silly registry.get     'keep-alive': 'timeout=10, max=48',
484 silly registry.get     connection: 'Keep-Alive' } ]
485 verbose addNamed [ 'body-parser', '1.9.3' ]
486 verbose addNamed [ '1.9.3', '1.9.3' ]
487 silly lockFile 96df7170-body-parser-1-9-3 body-parser@1.9.3
488 verbose lock body-parser@1.9.3 C:\Users\Fortuna\AppData\Roaming\npm-cache\96df7170-body-parser-1-9-3.lock
489 silly lockFile c226cff2-ody-parser-body-parser-1-9-3-tgz https://registry.npmjs.org/body-parser/-/body-parser-1.9.3.tgz
490 verbose lock https://registry.npmjs.org/body-parser/-/body-parser-1.9.3.tgz C:\Users\Fortuna\AppData\Roaming\npm-cache\c226cff2-ody-parser-body-parser-1-9-3-tgz.lock
491 verbose addRemoteTarball [ 'https://registry.npmjs.org/body-parser/-/body-parser-1.9.3.tgz',
491 verbose addRemoteTarball   'edfacd4fcfad87dfe74f861a5cc712900aef2623' ]
492 info retry fetch attempt 1 at 23:30:35
493 verbose fetch to= C:\Users\Fortuna\AppData\Local\Temp\npm-4840-WfWwhYlE\registry.npmjs.org\body-parser\-\body-parser-1.9.3.tgz
494 http GET https://registry.npmjs.org/body-parser/-/body-parser-1.9.3.tgz
495 http 200 https://registry.npmjs.org/socket.io/-/socket.io-1.2.1.tgz
496 http 200 https://registry.npmjs.org/errorhandler/-/errorhandler-1.3.0.tgz
497 silly lockFile fb154c4e-orhandler-errorhandler-1-3-0-tgz https://registry.npmjs.org/errorhandler/-/errorhandler-1.3.0.tgz
498 silly lockFile fb154c4e-orhandler-errorhandler-1-3-0-tgz https://registry.npmjs.org/errorhandler/-/errorhandler-1.3.0.tgz
499 silly lockFile 0a78e6c5-errorhandler-1-3-0 errorhandler@1.3.0
500 silly lockFile 0a78e6c5-errorhandler-1-3-0 errorhandler@1.3.0
501 silly lockFile 3938c481-errorhandler-latest errorhandler@latest
502 silly lockFile 3938c481-errorhandler-latest errorhandler@latest
503 silly lockFile 03c4f5da-rg-socket-io-socket-io-1-2-1-tgz https://registry.npmjs.org/socket.io/-/socket.io-1.2.1.tgz
504 silly lockFile 03c4f5da-rg-socket-io-socket-io-1-2-1-tgz https://registry.npmjs.org/socket.io/-/socket.io-1.2.1.tgz
505 silly lockFile 77e414a6-socket-io-1-2-1 socket.io@1.2.1
506 silly lockFile 77e414a6-socket-io-1-2-1 socket.io@1.2.1
507 silly lockFile d01f6c55-socket-io-latest socket.io@latest
508 silly lockFile d01f6c55-socket-io-latest socket.io@latest
509 silly lockFile be95c5f8-ry-npmjs-org-jade-jade-1-8-0-tgz https://registry.npmjs.org/jade/-/jade-1.8.0.tgz
510 silly lockFile be95c5f8-ry-npmjs-org-jade-jade-1-8-0-tgz https://registry.npmjs.org/jade/-/jade-1.8.0.tgz
511 silly lockFile 7b7f6461-jade-1-8-0 jade@1.8.0
512 silly lockFile 7b7f6461-jade-1-8-0 jade@1.8.0
513 silly lockFile 50c7aeb0-jade-latest jade@latest
514 silly lockFile 50c7aeb0-jade-latest jade@latest
515 http 200 https://registry.npmjs.org/express
516 silly registry.get cb [ 200,
516 silly registry.get   { date: 'Sat, 29 Nov 2014 22:30:34 GMT',
516 silly registry.get     server: 'CouchDB/1.5.0 (Erlang OTP/R16B03)',
516 silly registry.get     etag: '"905FEBL8TAE3WC4EU689G45TE"',
516 silly registry.get     'content-type': 'application/json',
516 silly registry.get     'cache-control': 'max-age=60',
516 silly registry.get     'content-length': '431343',
516 silly registry.get     'accept-ranges': 'bytes',
516 silly registry.get     via: '1.1 varnish',
516 silly registry.get     age: '41',
516 silly registry.get     'x-served-by': 'cache-fra1245-FRA',
516 silly registry.get     'x-cache': 'HIT',
516 silly registry.get     'x-cache-hits': '1',
516 silly registry.get     'x-timer': 'S1417300234.293212,VS0,VE2',
516 silly registry.get     vary: 'Accept',
516 silly registry.get     'keep-alive': 'timeout=10, max=47',
516 silly registry.get     connection: 'Keep-Alive' } ]
517 http 200 https://registry.npmjs.org/body-parser/-/body-parser-1.9.3.tgz
518 verbose addNamed [ 'express', '4.10.4' ]
519 verbose addNamed [ '4.10.4', '4.10.4' ]
520 silly lockFile c05f2c08-express-4-10-4 express@4.10.4
521 verbose lock express@4.10.4 C:\Users\Fortuna\AppData\Roaming\npm-cache\c05f2c08-express-4-10-4.lock
522 silly lockFile 65e17ce9-s-org-express-express-4-10-4-tgz https://registry.npmjs.org/express/-/express-4.10.4.tgz
523 verbose lock https://registry.npmjs.org/express/-/express-4.10.4.tgz C:\Users\Fortuna\AppData\Roaming\npm-cache\65e17ce9-s-org-express-express-4-10-4-tgz.lock
524 verbose addRemoteTarball [ 'https://registry.npmjs.org/express/-/express-4.10.4.tgz',
524 verbose addRemoteTarball   '31aa70acdad6b6093945c30523df8537336deb58' ]
525 silly lockFile c226cff2-ody-parser-body-parser-1-9-3-tgz https://registry.npmjs.org/body-parser/-/body-parser-1.9.3.tgz
526 silly lockFile c226cff2-ody-parser-body-parser-1-9-3-tgz https://registry.npmjs.org/body-parser/-/body-parser-1.9.3.tgz
527 info retry fetch attempt 1 at 23:30:35
528 verbose fetch to= C:\Users\Fortuna\AppData\Local\Temp\npm-4840-WfWwhYlE\registry.npmjs.org\express\-\express-4.10.4.tgz
529 silly lockFile 96df7170-body-parser-1-9-3 body-parser@1.9.3
530 silly lockFile 96df7170-body-parser-1-9-3 body-parser@1.9.3
531 http GET https://registry.npmjs.org/express/-/express-4.10.4.tgz
532 silly lockFile 88319797-body-parser-latest body-parser@latest
533 silly lockFile 88319797-body-parser-latest body-parser@latest
534 http 304 https://registry.npmjs.org/lodash
535 silly registry.get cb [ 304,
535 silly registry.get   { date: 'Sat, 29 Nov 2014 22:30:34 GMT',
535 silly registry.get     server: 'Apache',
535 silly registry.get     via: '1.1 varnish',
535 silly registry.get     'last-modified': 'Sat, 29 Nov 2014 22:30:34 GMT',
535 silly registry.get     'cache-control': 'max-age=60',
535 silly registry.get     etag: '"BKFTAPE2U57LC0Z0TNCVIUWXL"',
535 silly registry.get     age: '0',
535 silly registry.get     'x-served-by': 'cache-fra1225-FRA',
535 silly registry.get     'x-cache': 'HIT',
535 silly registry.get     'x-cache-hits': '1',
535 silly registry.get     'x-timer': 'S1417300234.006091,VS0,VE719',
535 silly registry.get     vary: 'Accept',
535 silly registry.get     'content-length': '0',
535 silly registry.get     'keep-alive': 'timeout=10, max=48',
535 silly registry.get     connection: 'Keep-Alive' } ]
536 verbose etag https://registry.npmjs.org/lodash from cache
537 verbose addNamed [ 'lodash', '2.4.1' ]
538 verbose addNamed [ '2.4.1', '2.4.1' ]
539 silly lockFile 8502be2a-lodash-2-4-1 lodash@2.4.1
540 verbose lock lodash@2.4.1 C:\Users\Fortuna\AppData\Roaming\npm-cache\8502be2a-lodash-2-4-1.lock
541 silly lockFile 8502be2a-lodash-2-4-1 lodash@2.4.1
542 silly lockFile 8502be2a-lodash-2-4-1 lodash@2.4.1
543 silly lockFile e74123f1-lodash-latest lodash@latest
544 silly lockFile e74123f1-lodash-latest lodash@latest
545 info already installed lodash@2.4.1
546 http 200 https://registry.npmjs.org/express-jwt/-/express-jwt-0.5.1.tgz
547 silly lockFile 1d660895-xpress-jwt-express-jwt-0-5-1-tgz https://registry.npmjs.org/express-jwt/-/express-jwt-0.5.1.tgz
548 silly lockFile 1d660895-xpress-jwt-express-jwt-0-5-1-tgz https://registry.npmjs.org/express-jwt/-/express-jwt-0.5.1.tgz
549 silly lockFile 9823fa84-express-jwt-0-5-1 express-jwt@0.5.1
550 silly lockFile 9823fa84-express-jwt-0-5-1 express-jwt@0.5.1
551 silly lockFile ad8dd427-express-jwt-latest express-jwt@latest
552 silly lockFile ad8dd427-express-jwt-latest express-jwt@latest
553 http 200 https://registry.npmjs.org/express/-/express-4.10.4.tgz
554 http 304 https://registry.npmjs.org/gulp-ng-annotate
555 silly registry.get cb [ 304,
555 silly registry.get   { date: 'Sat, 29 Nov 2014 22:30:34 GMT',
555 silly registry.get     server: 'Apache',
555 silly registry.get     via: '1.1 varnish',
555 silly registry.get     'last-modified': 'Sat, 29 Nov 2014 22:30:34 GMT',
555 silly registry.get     'cache-control': 'max-age=60',
555 silly registry.get     etag: '"30HYXXHJCQ32CGU4OTBES24YD"',
555 silly registry.get     age: '0',
555 silly registry.get     'x-served-by': 'cache-fra1245-FRA',
555 silly registry.get     'x-cache': 'HIT',
555 silly registry.get     'x-cache-hits': '1',
555 silly registry.get     'x-timer': 'S1417300234.180127,VS0,VE725',
555 silly registry.get     vary: 'Accept',
555 silly registry.get     'content-length': '0',
555 silly registry.get     'keep-alive': 'timeout=10, max=49',
555 silly registry.get     connection: 'Keep-Alive' } ]
556 verbose etag https://registry.npmjs.org/gulp-ng-annotate from cache
557 verbose addNamed [ 'gulp-ng-annotate', '0.3.6' ]
558 verbose addNamed [ '0.3.6', '0.3.6' ]
559 silly lockFile c218bc67-gulp-ng-annotate-0-3-6 gulp-ng-annotate@0.3.6
560 verbose lock gulp-ng-annotate@0.3.6 C:\Users\Fortuna\AppData\Roaming\npm-cache\c218bc67-gulp-ng-annotate-0-3-6.lock
561 silly lockFile c218bc67-gulp-ng-annotate-0-3-6 gulp-ng-annotate@0.3.6
562 silly lockFile c218bc67-gulp-ng-annotate-0-3-6 gulp-ng-annotate@0.3.6
563 silly lockFile 4da62f6a-gulp-ng-annotate-latest gulp-ng-annotate@latest
564 silly lockFile 4da62f6a-gulp-ng-annotate-latest gulp-ng-annotate@latest
565 info already installed gulp-ng-annotate@0.3.6
566 silly lockFile 65e17ce9-s-org-express-express-4-10-4-tgz https://registry.npmjs.org/express/-/express-4.10.4.tgz
567 silly lockFile 65e17ce9-s-org-express-express-4-10-4-tgz https://registry.npmjs.org/express/-/express-4.10.4.tgz
568 silly lockFile c05f2c08-express-4-10-4 express@4.10.4
569 silly lockFile c05f2c08-express-4-10-4 express@4.10.4
570 silly lockFile c30a01ab-express-latest express@latest
571 silly lockFile c30a01ab-express-latest express@latest
572 http 304 https://registry.npmjs.org/gulp
573 silly registry.get cb [ 304,
573 silly registry.get   { date: 'Sat, 29 Nov 2014 22:30:34 GMT',
573 silly registry.get     server: 'Apache',
573 silly registry.get     via: '1.1 varnish',
573 silly registry.get     'last-modified': 'Sat, 29 Nov 2014 22:30:35 GMT',
573 silly registry.get     'cache-control': 'max-age=60',
573 silly registry.get     etag: '"DY1DPW1GI2SCGONP9ZHVEVU2L"',
573 silly registry.get     age: '0',
573 silly registry.get     'x-served-by': 'cache-fra1225-FRA',
573 silly registry.get     'x-cache': 'HIT',
573 silly registry.get     'x-cache-hits': '1',
573 silly registry.get     'x-timer': 'S1417300234.203994,VS0,VE1114',
573 silly registry.get     vary: 'Accept',
573 silly registry.get     'content-length': '0',
573 silly registry.get     'keep-alive': 'timeout=10, max=46',
573 silly registry.get     connection: 'Keep-Alive' } ]
574 verbose etag https://registry.npmjs.org/gulp from cache
575 verbose addNamed [ 'gulp', '3.8.10' ]
576 verbose addNamed [ '3.8.10', '3.8.10' ]
577 silly lockFile f843d0d7-gulp-3-8-10 gulp@3.8.10
578 verbose lock gulp@3.8.10 C:\Users\Fortuna\AppData\Roaming\npm-cache\f843d0d7-gulp-3-8-10.lock
579 silly lockFile f843d0d7-gulp-3-8-10 gulp@3.8.10
580 silly lockFile f843d0d7-gulp-3-8-10 gulp@3.8.10
581 silly lockFile 429e12c1-gulp-latest gulp@latest
582 silly lockFile 429e12c1-gulp-latest gulp@latest
583 info already installed gulp@3.8.10
584 error 404 404 Not Found: gulp-uglyfy
584 error 404
584 error 404 'gulp-uglyfy' is not in the npm registry.
584 error 404 You should bug the author to publish it
584 error 404 It was specified as a dependency of 'ChefExpress'
584 error 404
584 error 404 Note that you can also install from a
584 error 404 tarball, folder, or http url, or git url.
585 error System Windows_NT 6.2.9200
586 error command "C:\\Program Files\\nodejs\\\\node.exe" "C:\\Program Files\\nodejs\\node_modules\\npm\\bin\\npm-cli.js" "install"
587 error cwd C:\Users\Fortuna\Documents\GitHub\ChefExpress
588 error node -v v0.10.32
589 error npm -v 1.4.28
590 error code E404
591 verbose exit [ 1, true ]
